Using pre-set license
Built from '2021.3/staging' branch; Version is '2021.3.5f1 (40eb3a945986) revision 4254522'; Using compiler version '192829333'; Build Type 'Release'
OS: 'Windows 10  (10.0.19044) 64bit CoreSingleLanguage' Language: 'en' Physical Memory: 8042 MB
BatchMode: 1, IsHumanControllingUs: 0, StartBugReporterOnCrash: 0, Is64bit: 1, IsPro: 1

COMMAND LINE ARGUMENTS:
C:\Program Files\Unity\Hub\Editor\2021.3.5f1\Editor\Unity.exe
-adb2
-batchMode
-noUpm
-name
AssetImportWorker11
-projectPath
C:/Users/FX505GD/Documents/GitHub/FinalProjectGame/FinalProject
-logFile
Logs/AssetImportWorker11.log
-srvPort
53996
Successfully changed project path to: C:/Users/FX505GD/Documents/GitHub/FinalProjectGame/FinalProject
C:/Users/FX505GD/Documents/GitHub/FinalProjectGame/FinalProject
[UnityMemory] Configuration Parameters - Can be set up in boot.config
    "memorysetup-bucket-allocator-granularity=16"
    "memorysetup-bucket-allocator-bucket-count=8"
    "memorysetup-bucket-allocator-block-size=33554432"
    "memorysetup-bucket-allocator-block-count=8"
    "memorysetup-main-allocator-block-size=16777216"
    "memorysetup-thread-allocator-block-size=16777216"
    "memorysetup-gfx-main-allocator-block-size=16777216"
    "memorysetup-gfx-thread-allocator-block-size=16777216"
    "memorysetup-cache-allocator-block-size=4194304"
    "memorysetup-typetree-allocator-block-size=2097152"
    "memorysetup-profiler-bucket-allocator-granularity=16"
    "memorysetup-profiler-bucket-allocator-bucket-count=8"
    "memorysetup-profiler-bucket-allocator-block-size=33554432"
    "memorysetup-profiler-bucket-allocator-block-count=8"
    "memorysetup-profiler-allocator-block-size=16777216"
    "memorysetup-profiler-editor-allocator-block-size=1048576"
    "memorysetup-temp-allocator-size-main=16777216"
    "memorysetup-job-temp-allocator-block-size=2097152"
    "memorysetup-job-temp-allocator-block-size-background=1048576"
    "memorysetup-job-temp-allocator-reduction-small-platforms=262144"
    "memorysetup-temp-allocator-size-background-worker=32768"
    "memorysetup-temp-allocator-size-job-worker=262144"
    "memorysetup-temp-allocator-size-preload-manager=33554432"
    "memorysetup-temp-allocator-size-nav-mesh-worker=65536"
    "memorysetup-temp-allocator-size-audio-worker=65536"
    "memorysetup-temp-allocator-size-cloud-worker=32768"
    "memorysetup-temp-allocator-size-gi-baking-worker=262144"
    "memorysetup-temp-allocator-size-gfx=262144"
Refreshing native plugins compatible for Editor in 140.46 ms, found 4 plugins.
Preloading 0 native plugins for Editor in 0.00 ms.
Initialize engine version: 2021.3.5f1 (40eb3a945986)
[Subsystems] Discovering subsystems at path C:/Program Files/Unity/Hub/Editor/2021.3.5f1/Editor/Data/Resources/UnitySubsystems
[Subsystems] Discovering subsystems at path C:/Users/FX505GD/Documents/GitHub/FinalProjectGame/FinalProject/Assets
GfxDevice: creating device client; threaded=0; jobified=0
Direct3D:
    Version:  Direct3D 11.0 [level 11.1]
    Renderer: NVIDIA GeForce GTX 1050 (ID=0x1c8d)
    Vendor:   NVIDIA
    VRAM:     4019 MB
    Driver:   27.21.14.6089
Initialize mono
Mono path[0] = 'C:/Program Files/Unity/Hub/Editor/2021.3.5f1/Editor/Data/Managed'
Mono path[1] = 'C:/Program Files/Unity/Hub/Editor/2021.3.5f1/Editor/Data/MonoBleedingEdge/lib/mono/unityjit-win32'
Mono config path = 'C:/Program Files/Unity/Hub/Editor/2021.3.5f1/Editor/Data/MonoBleedingEdge/etc'
Using monoOptions --debugger-agent=transport=dt_socket,embedding=1,server=y,suspend=n,address=127.0.0.1:56292
Begin MonoManager ReloadAssembly
Registering precompiled unity dll's ...
Register platform support module: C:/Program Files/Unity/Hub/Editor/2021.3.5f1/Editor/Data/PlaybackEngines/AndroidPlayer/UnityEditor.Android.Extensions.dll
Register platform support module: C:/Program Files/Unity/Hub/Editor/2021.3.5f1/Editor/Data/PlaybackEngines/WindowsStandaloneSupport/UnityEditor.WindowsStandalone.Extensions.dll
Registered in 0.012496 seconds.
Native extension for WindowsStandalone target not found
Native extension for Android target not found
Refreshing native plugins compatible for Editor in 100.17 ms, found 4 plugins.
Preloading 0 native plugins for Editor in 0.00 ms.
Mono: successfully reloaded assembly
- Completed reload, in  0.897 seconds
Domain Reload Profiling:
	ReloadAssembly (897ms)
		BeginReloadAssembly (170ms)
			ExecutionOrderSort (0ms)
			DisableScriptedObjects (0ms)
			BackupInstance (0ms)
			ReleaseScriptingObjects (0ms)
			CreateAndSetChildDomain (1ms)
		EndReloadAssembly (566ms)
			LoadAssemblies (167ms)
			RebuildTransferFunctionScriptingTraits (0ms)
			SetupTypeCache (138ms)
			ReleaseScriptCaches (0ms)
			RebuildScriptCaches (31ms)
			SetupLoadedEditorAssemblies (337ms)
				LogAssemblyErrors (0ms)
				InitializePlatformSupportModulesInManaged (64ms)
				SetLoadedEditorAssemblies (0ms)
				RefreshPlugins (100ms)
				BeforeProcessingInitializeOnLoad (1ms)
				ProcessInitializeOnLoadAttributes (118ms)
				ProcessInitializeOnLoadMethodAttributes (53ms)
				AfterProcessingInitializeOnLoad (0ms)
				EditorAssembliesLoaded (0ms)
			ExecutionOrderSort2 (0ms)
			AwakeInstancesAfterBackupRestoration (0ms)
Platform modules already initialized, skipping
Registering precompiled user dll's ...
Registered in 0.043795 seconds.
Begin MonoManager ReloadAssembly
Symbol file LoadedFromMemory doesn't match image C:\Users\FX505GD\Documents\GitHub\FinalProjectGame\FinalProject\Library\PackageCache\com.unity.visualscripting@1.7.8\Editor\VisualScripting.Core\Dependencies\YamlDotNet\Unity.VisualScripting.YamlDotNet.dll
Symbol file LoadedFromMemory doesn't match image C:\Users\FX505GD\Documents\GitHub\FinalProjectGame\FinalProject\Library\PackageCache\com.unity.visualscripting@1.7.8\Editor\VisualScripting.Core\Dependencies\DotNetZip\Unity.VisualScripting.IonicZip.dll
Native extension for WindowsStandalone target not found
Native extension for Android target not found
Refreshing native plugins compatible for Editor in 99.13 ms, found 4 plugins.
Preloading 0 native plugins for Editor in 0.00 ms.
Mono: successfully reloaded assembly
- Completed reload, in  3.998 seconds
Domain Reload Profiling:
	ReloadAssembly (3999ms)
		BeginReloadAssembly (250ms)
			ExecutionOrderSort (0ms)
			DisableScriptedObjects (6ms)
			BackupInstance (0ms)
			ReleaseScriptingObjects (0ms)
			CreateAndSetChildDomain (127ms)
		EndReloadAssembly (3465ms)
			LoadAssemblies (2161ms)
			RebuildTransferFunctionScriptingTraits (0ms)
			SetupTypeCache (459ms)
			ReleaseScriptCaches (1ms)
			RebuildScriptCaches (59ms)
			SetupLoadedEditorAssemblies (748ms)
				LogAssemblyErrors (0ms)
				InitializePlatformSupportModulesInManaged (16ms)
				SetLoadedEditorAssemblies (0ms)
				RefreshPlugins (99ms)
				BeforeProcessingInitializeOnLoad (118ms)
				ProcessInitializeOnLoadAttributes (304ms)
				ProcessInitializeOnLoadMethodAttributes (198ms)
				AfterProcessingInitializeOnLoad (13ms)
				EditorAssembliesLoaded (0ms)
			ExecutionOrderSort2 (0ms)
			AwakeInstancesAfterBackupRestoration (9ms)
Platform modules already initialized, skipping
========================================================================
Worker process is ready to serve import requests
Launched and connected shader compiler UnityShaderCompiler.exe after 0.20 seconds
Refreshing native plugins compatible for Editor in 0.84 ms, found 4 plugins.
Preloading 0 native plugins for Editor in 0.00 ms.
Unloading 4100 Unused Serialized files (Serialized files now loaded: 0)
Unloading 44 unused Assets / (222.5 KB). Loaded Objects now: 4554.
Memory consumption went from 154.0 MB to 153.8 MB.
Total: 3.916200 ms (FindLiveObjects: 0.423900 ms CreateObjectMapping: 0.250100 ms MarkObjects: 3.081700 ms  DeleteObjects: 0.159300 ms)

AssetImportParameters requested are different than current active one (requested -> active):
  custom:video-decoder-ogg-theora: a1e56fd34408186e4bbccfd4996cb3dc -> 
  custom:container-muxer-webm: aa71ff27fc2769a1b78a27578f13a17b -> 
  custom:container-demuxer-webm: 4f35f7cbe854078d1ac9338744f61a02 -> 
  custom:video-encoder-webm-vp8: eb34c28f22e8b96e1ab97ce403110664 -> 
  custom:video-codec-MediaFoundation-h265: 746d11721c4dcdbdad8f713fa42b33f4 -> 
  custom:audio-encoder-webm-vorbis: bf7c407c2cedff20999df2af8eb42d56 -> 
  custom:framework-win-MediaFoundation: 216162199b28c13a410421893ffa2e32 -> 
  custom:container-demuxer-ogg: 62fdf1f143b41e24485cea50d1cbac27 -> 
  custom:video-decoder-webm-vp8: 9c59270c3fd7afecdb556c50c9e8de78 -> 
  custom:audio-decoder-ogg-vorbis: bf7c407c2cedff20999df2af8eb42d56 -> 
========================================================================
Received Import Request.
  Time since last request: 700197.415617 seconds.
  path: Assets/Scripts/AStar.cs
  artifactKey: Guid(8e6105814c7d2a84db4c6ee02da45e46) Importer(815301076,1909f56bfc062723c751e8b465ee728b)
Start importing Assets/Scripts/AStar.cs using Guid(8e6105814c7d2a84db4c6ee02da45e46) Importer(815301076,1909f56bfc062723c751e8b465ee728b)  -> (artifact id: '3c16ba42e5ff6bd9b3ba18ee00ba5295') in 0.221125 seconds 
========================================================================
Received Import Request.
  Time since last request: 329.162989 seconds.
  path: Assets/Scripts/AStar.cs
  artifactKey: Guid(8e6105814c7d2a84db4c6ee02da45e46) Importer(815301076,1909f56bfc062723c751e8b465ee728b)
Start importing Assets/Scripts/AStar.cs using Guid(8e6105814c7d2a84db4c6ee02da45e46) Importer(815301076,1909f56bfc062723c751e8b465ee728b)  -> (artifact id: '81f1e8df05f4f8e9e00ab32230ee515d') in 0.001929 seconds 
========================================================================
Received Import Request.
  Time since last request: 1146.161539 seconds.
  path: Assets/Scripts/AStar.cs
  artifactKey: Guid(8e6105814c7d2a84db4c6ee02da45e46) Importer(815301076,1909f56bfc062723c751e8b465ee728b)
Start importing Assets/Scripts/AStar.cs using Guid(8e6105814c7d2a84db4c6ee02da45e46) Importer(815301076,1909f56bfc062723c751e8b465ee728b)  -> (artifact id: '76ff3ced3e2295aa18cd37af8bbf8ade') in 0.002296 seconds 
========================================================================
Received Import Request.
  Time since last request: 1122.381012 seconds.
  path: Assets/Scripts/AStar.cs
  artifactKey: Guid(8e6105814c7d2a84db4c6ee02da45e46) Importer(815301076,1909f56bfc062723c751e8b465ee728b)
Start importing Assets/Scripts/AStar.cs using Guid(8e6105814c7d2a84db4c6ee02da45e46) Importer(815301076,1909f56bfc062723c751e8b465ee728b)  -> (artifact id: '54e33c9735e94f1a4ee613192648cc97') in 0.016038 seconds 
========================================================================
Received Import Request.
  Time since last request: 475.944789 seconds.
  path: Assets/Scripts/AStar.cs
  artifactKey: Guid(8e6105814c7d2a84db4c6ee02da45e46) Importer(815301076,1909f56bfc062723c751e8b465ee728b)
Start importing Assets/Scripts/AStar.cs using Guid(8e6105814c7d2a84db4c6ee02da45e46) Importer(815301076,1909f56bfc062723c751e8b465ee728b)  -> (artifact id: '2e01897eee70b1f455e5b789ec342e1c') in 0.002459 seconds 
========================================================================
Received Import Request.
  Time since last request: 148.636562 seconds.
  path: Assets/Scripts/AStar.cs
  artifactKey: Guid(8e6105814c7d2a84db4c6ee02da45e46) Importer(815301076,1909f56bfc062723c751e8b465ee728b)
Start importing Assets/Scripts/AStar.cs using Guid(8e6105814c7d2a84db4c6ee02da45e46) Importer(815301076,1909f56bfc062723c751e8b465ee728b)  -> (artifact id: 'fda5d64e281e3489ee859caa417ae741') in 0.002014 seconds 
========================================================================
Received Import Request.
  Time since last request: 2530.090424 seconds.
  path: Assets/Scripts/AStar.cs
  artifactKey: Guid(8e6105814c7d2a84db4c6ee02da45e46) Importer(815301076,1909f56bfc062723c751e8b465ee728b)
Start importing Assets/Scripts/AStar.cs using Guid(8e6105814c7d2a84db4c6ee02da45e46) Importer(815301076,1909f56bfc062723c751e8b465ee728b)  -> (artifact id: 'a80208c66b80c8d16e5204c6272325e4') in 0.128376 seconds 
========================================================================
Received Import Request.
  Time since last request: 493.500581 seconds.
  path: Assets/Scripts/AStar.cs
  artifactKey: Guid(8e6105814c7d2a84db4c6ee02da45e46) Importer(815301076,1909f56bfc062723c751e8b465ee728b)
Start importing Assets/Scripts/AStar.cs using Guid(8e6105814c7d2a84db4c6ee02da45e46) Importer(815301076,1909f56bfc062723c751e8b465ee728b)  -> (artifact id: '6ad0df6921bfe040cb91e938467c51d7') in 0.002931 seconds 
========================================================================
Received Import Request.
  Time since last request: 1599.085596 seconds.
  path: Assets/Scripts/AStar.cs
  artifactKey: Guid(8e6105814c7d2a84db4c6ee02da45e46) Importer(815301076,1909f56bfc062723c751e8b465ee728b)
Start importing Assets/Scripts/AStar.cs using Guid(8e6105814c7d2a84db4c6ee02da45e46) Importer(815301076,1909f56bfc062723c751e8b465ee728b)  -> (artifact id: '2eb4e719fc9d42c505c4208b66f0fff8') in 0.002530 seconds 
========================================================================
Received Import Request.
  Time since last request: 2963.181262 seconds.
  path: Assets/Scripts/AStar.cs
  artifactKey: Guid(8e6105814c7d2a84db4c6ee02da45e46) Importer(815301076,1909f56bfc062723c751e8b465ee728b)
Start importing Assets/Scripts/AStar.cs using Guid(8e6105814c7d2a84db4c6ee02da45e46) Importer(815301076,1909f56bfc062723c751e8b465ee728b)  -> (artifact id: '6a73218372c9b73fef668a13bd76f271') in 0.139378 seconds 
========================================================================
Received Import Request.
  Time since last request: 206.143066 seconds.
  path: Assets/Scripts/AStar.cs
  artifactKey: Guid(8e6105814c7d2a84db4c6ee02da45e46) Importer(815301076,1909f56bfc062723c751e8b465ee728b)
Start importing Assets/Scripts/AStar.cs using Guid(8e6105814c7d2a84db4c6ee02da45e46) Importer(815301076,1909f56bfc062723c751e8b465ee728b)  -> (artifact id: 'f30f0f0a61b83214000652338f77f729') in 0.154080 seconds 
========================================================================
Received Import Request.
  Time since last request: 1512.428670 seconds.
  path: Assets/Scripts/AStar.cs
  artifactKey: Guid(8e6105814c7d2a84db4c6ee02da45e46) Importer(815301076,1909f56bfc062723c751e8b465ee728b)
Start importing Assets/Scripts/AStar.cs using Guid(8e6105814c7d2a84db4c6ee02da45e46) Importer(815301076,1909f56bfc062723c751e8b465ee728b)  -> (artifact id: 'cc545844c0d750d38cb05b782058165a') in 0.052583 seconds 
========================================================================
Received Import Request.
  Time since last request: 415.559765 seconds.
  path: Assets/Scripts/AStar.cs
  artifactKey: Guid(8e6105814c7d2a84db4c6ee02da45e46) Importer(815301076,1909f56bfc062723c751e8b465ee728b)
Start importing Assets/Scripts/AStar.cs using Guid(8e6105814c7d2a84db4c6ee02da45e46) Importer(815301076,1909f56bfc062723c751e8b465ee728b)  -> (artifact id: '2b365fca10413c572d4cd93595c3859f') in 0.002061 seconds 
========================================================================
Received Prepare
Registering precompiled user dll's ...
Registered in 0.166810 seconds.
Begin MonoManager ReloadAssembly
Symbol file LoadedFromMemory doesn't match image C:\Users\FX505GD\Documents\GitHub\FinalProjectGame\FinalProject\Library\PackageCache\com.unity.visualscripting@1.7.8\Editor\VisualScripting.Core\Dependencies\YamlDotNet\Unity.VisualScripting.YamlDotNet.dll
Symbol file LoadedFromMemory doesn't match image C:\Users\FX505GD\Documents\GitHub\FinalProjectGame\FinalProject\Library\PackageCache\com.unity.visualscripting@1.7.8\Editor\VisualScripting.Core\Dependencies\DotNetZip\Unity.VisualScripting.IonicZip.dll
Native extension for WindowsStandalone target not found
Native extension for Android target not found
Refreshing native plugins compatible for Editor in 1.45 ms, found 4 plugins.
Preloading 0 native plugins for Editor in 0.00 ms.
Mono: successfully reloaded assembly
- Completed reload, in 27.604 seconds
Domain Reload Profiling:
	ReloadAssembly (27795ms)
		BeginReloadAssembly (23954ms)
			ExecutionOrderSort (0ms)
			DisableScriptedObjects (6543ms)
			BackupInstance (0ms)
			ReleaseScriptingObjects (0ms)
			CreateAndSetChildDomain (11660ms)
		EndReloadAssembly (2993ms)
			LoadAssemblies (1364ms)
			RebuildTransferFunctionScriptingTraits (0ms)
			SetupTypeCache (779ms)
			ReleaseScriptCaches (14ms)
			RebuildScriptCaches (350ms)
			SetupLoadedEditorAssemblies (899ms)
				LogAssemblyErrors (0ms)
				InitializePlatformSupportModulesInManaged (153ms)
				SetLoadedEditorAssemblies (11ms)
				RefreshPlugins (2ms)
				BeforeProcessingInitializeOnLoad (185ms)
				ProcessInitializeOnLoadAttributes (459ms)
				ProcessInitializeOnLoadMethodAttributes (77ms)
				AfterProcessingInitializeOnLoad (12ms)
				EditorAssembliesLoaded (0ms)
			ExecutionOrderSort2 (0ms)
			AwakeInstancesAfterBackupRestoration (31ms)
Platform modules already initialized, skipping
